<?xml version="1.0" encoding="UTF-8"?>
<!-- Generated by org.testng.reporters.JUnitReportReporter -->
<testsuite skipped="0" hostname="Jayesh-PC" name="google.test.GoogleTest" tests="2" failures="0" timestamp="2020-08-21T10:22:12 BST" time="17.889" errors="0">
  <testcase name="googleWorkflow" time="6.449" classname="google.test.GoogleTest"/>
  <system-out/>
  <testcase name="googleWorkflow" time="11.440" classname="google.test.GoogleTest"/>
  <system-out/>
</testsuite> <!-- google.test.GoogleTest -->
